# JRE version: Java(TM) SE Runtime Environment (8.0_91-b15) (build 1.8.0_91-b15)
# Java VM: Java HotSpot(TM) 64-Bit Server VM (25.91-b15 mixed mode windows-amd64 compressed oops)
Heap:
 PSYoungGen      total 157696K, used 44719K [0x00000000eab00000, 0x00000000f6000000, 0x0000000100000000)
  eden space 143360K, 21% used [0x00000000eab00000,0x00000000ec8ed010,0x00000000f3700000)
  from space 14336K, 98% used [0x00000000f5200000,0x00000000f5fbeef0,0x00000000f6000000)
  to   space 15872K, 0% used [0x00000000f4100000,0x00000000f4100000,0x00000000f5080000)
 ParOldGen       total 167424K, used 18311K [0x00000000c0000000, 0x00000000ca380000, 0x00000000eab00000)
  object space 167424K, 10% used [0x00000000c0000000,0x00000000c11e1f38,0x00000000ca380000)
 Metaspace       used 42501K, capacity 42986K, committed 43264K, reserved 1087488K
  class space    used 5717K, capacity 5849K, committed 5888K, reserved 1048576K
GC Heap History (10 events):
Event: 7.997 GC heap before
{Heap before GC invocations=4 (full 1):
 PSYoungGen      total 76288K, used 65536K [0x00000000eab00000, 0x00000000f4000000, 0x0000000100000000)
  eden space 65536K, 100% used [0x00000000eab00000,0x00000000eeb00000,0x00000000eeb00000)
  from space 10752K, 0% used [0x00000000ef580000,0x00000000ef580000,0x00000000f0000000)
  to   space 10752K, 0% used [0x00000000eeb00000,0x00000000eeb00000,0x00000000ef580000)
 ParOldGen       total 111104K, used 12755K [0x00000000c0000000, 0x00000000c6c80000, 0x00000000eab00000)
  object space 111104K, 11% used [0x00000000c0000000,0x00000000c0c74e88,0x00000000c6c80000)
 Metaspace       used 27277K, capacity 27664K, committed 27904K, reserved 1073152K
  class space    used 3681K, capacity 3803K, committed 3840K, reserved 1048576K
Event: 8.017 GC heap after
Heap after GC invocations=4 (full 1):
 PSYoungGen      total 76288K, used 7474K [0x00000000eab00000, 0x00000000f2200000, 0x0000000100000000)
  eden space 65536K, 0% used [0x00000000eab00000,0x00000000eab00000,0x00000000eeb00000)
  from space 10752K, 69% used [0x00000000eeb00000,0x00000000ef24cbd8,0x00000000ef580000)
  to   space 10752K, 0% used [0x00000000f1780000,0x00000000f1780000,0x00000000f2200000)
 ParOldGen       total 111104K, used 12763K [0x00000000c0000000, 0x00000000c6c80000, 0x00000000eab00000)
  object space 111104K, 11% used [0x00000000c0000000,0x00000000c0c76e88,0x00000000c6c80000)
 Metaspace       used 27277K, capacity 27664K, committed 27904K, reserved 1073152K
  class space    used 3681K, capacity 3803K, committed 3840K, reserved 1048576K
}
Event: 10.031 GC heap before
{Heap before GC invocations=5 (full 1):
 PSYoungGen      total 76288K, used 73010K [0x00000000eab00000, 0x00000000f2200000, 0x0000000100000000)
  eden space 65536K, 100% used [0x00000000eab00000,0x00000000eeb00000,0x00000000eeb00000)
  from space 10752K, 69% used [0x00000000eeb00000,0x00000000ef24cbd8,0x00000000ef580000)
  to   space 10752K, 0% used [0x00000000f1780000,0x00000000f1780000,0x00000000f2200000)
 ParOldGen       total 111104K, used 12763K [0x00000000c0000000, 0x00000000c6c80000, 0x00000000eab00000)
  object space 111104K, 11% used [0x00000000c0000000,0x00000000c0c76e88,0x00000000c6c80000)
 Metaspace       used 31807K, capacity 32270K, committed 32512K, reserved 1077248K
  class space    used 4363K, capacity 4485K, committed 4608K, reserved 1048576K
Event: 10.072 GC heap after
Heap after GC invocations=5 (full 1):
 PSYoungGen      total 111104K, used 9723K [0x00000000eab00000, 0x00000000f2500000, 0x0000000100000000)
  eden space 100352K, 0% used [0x00000000eab00000,0x00000000eab00000,0x00000000f0d00000)
  from space 10752K, 90% used [0x00000000f1780000,0x00000000f20fef20,0x00000000f2200000)
  to   space 10752K, 0% used [0x00000000f0d00000,0x00000000f0d00000,0x00000000f1780000)
 ParOldGen       total 111104K, used 12771K [0x00000000c0000000, 0x00000000c6c80000, 0x00000000eab00000)
  object space 111104K, 11% used [0x00000000c0000000,0x00000000c0c78e88,0x00000000c6c80000)
 Metaspace       used 31807K, capacity 32270K, committed 32512K, reserved 1077248K
  class space    used 4363K, capacity 4485K, committed 4608K, reserved 1048576K
}
Event: 11.631 GC heap before
{Heap before GC invocations=6 (full 1):
 PSYoungGen      total 111104K, used 66987K [0x00000000eab00000, 0x00000000f2500000, 0x0000000100000000)
  eden space 100352K, 57% used [0x00000000eab00000,0x00000000ee2ebec8,0x00000000f0d00000)
  from space 10752K, 90% used [0x00000000f1780000,0x00000000f20fef20,0x00000000f2200000)
  to   space 10752K, 0% used [0x00000000f0d00000,0x00000000f0d00000,0x00000000f1780000)
 ParOldGen       total 111104K, used 12771K [0x00000000c0000000, 0x00000000c6c80000, 0x00000000eab00000)
  object space 111104K, 11% used [0x00000000c0000000,0x00000000c0c78e88,0x00000000c6c80000)
 Metaspace       used 34864K, capacity 35346K, committed 35416K, reserved 1079296K
  class space    used 4879K, capacity 5050K, committed 5120K, reserved 1048576K
Event: 11.648 GC heap after
Heap after GC invocations=6 (full 1):
 PSYoungGen      total 111104K, used 10722K [0x00000000eab00000, 0x00000000f6000000, 0x0000000100000000)
  eden space 100352K, 0% used [0x00000000eab00000,0x00000000eab00000,0x00000000f0d00000)
  from space 10752K, 99% used [0x00000000f0d00000,0x00000000f1778970,0x00000000f1780000)
  to   space 14336K, 0% used [0x00000000f5200000,0x00000000f5200000,0x00000000f6000000)
 ParOldGen       total 111104K, used 14347K [0x00000000c0000000, 0x00000000c6c80000, 0x00000000eab00000)
  object space 111104K, 12% used [0x00000000c0000000,0x00000000c0e02cb8,0x00000000c6c80000)
 Metaspace       used 34864K, capacity 35346K, committed 35416K, reserved 1079296K
  class space    used 4879K, capacity 5050K, committed 5120K, reserved 1048576K
}
Event: 11.649 GC heap before
{Heap before GC invocations=7 (full 2):
 PSYoungGen      total 111104K, used 10722K [0x00000000eab00000, 0x00000000f6000000, 0x0000000100000000)
  eden space 100352K, 0% used [0x00000000eab00000,0x00000000eab00000,0x00000000f0d00000)
  from space 10752K, 99% used [0x00000000f0d00000,0x00000000f1778970,0x00000000f1780000)
  to   space 14336K, 0% used [0x00000000f5200000,0x00000000f5200000,0x00000000f6000000)
 ParOldGen       total 111104K, used 14347K [0x00000000c0000000, 0x00000000c6c80000, 0x00000000eab00000)
  object space 111104K, 12% used [0x00000000c0000000,0x00000000c0e02cb8,0x00000000c6c80000)
 Metaspace       used 34864K, capacity 35346K, committed 35416K, reserved 1079296K
  class space    used 4879K, capacity 5050K, committed 5120K, reserved 1048576K
Event: 11.757 GC heap after
Heap after GC invocations=7 (full 2):
 PSYoungGen      total 111104K, used 0K [0x00000000eab00000, 0x00000000f6000000, 0x0000000100000000)
  eden space 100352K, 0% used [0x00000000eab00000,0x00000000eab00000,0x00000000f0d00000)
  from space 10752K, 0% used [0x00000000f0d00000,0x00000000f0d00000,0x00000000f1780000)
  to   space 14336K, 0% used [0x00000000f5200000,0x00000000f5200000,0x00000000f6000000)
 ParOldGen       total 167424K, used 18295K [0x00000000c0000000, 0x00000000ca380000, 0x00000000eab00000)
  object space 167424K, 10% used [0x00000000c0000000,0x00000000c11ddf38,0x00000000ca380000)
 Metaspace       used 34848K, capacity 35328K, committed 35416K, reserved 1079296K
  class space    used 4874K, capacity 5044K, committed 5120K, reserved 1048576K
}
Event: 16.498 GC heap before
{Heap before GC invocations=8 (full 2):
 PSYoungGen      total 111104K, used 100352K [0x00000000eab00000, 0x00000000f6000000, 0x0000000100000000)
  eden space 100352K, 100% used [0x00000000eab00000,0x00000000f0d00000,0x00000000f0d00000)
  from space 10752K, 0% used [0x00000000f0d00000,0x00000000f0d00000,0x00000000f1780000)
  to   space 14336K, 0% used [0x00000000f5200000,0x00000000f5200000,0x00000000f6000000)
 ParOldGen       total 167424K, used 18295K [0x00000000c0000000, 0x00000000ca380000, 0x00000000eab00000)
  object space 167424K, 10% used [0x00000000c0000000,0x00000000c11ddf38,0x00000000ca380000)
 Metaspace       used 42112K, capacity 42602K, committed 42752K, reserved 1085440K
  class space    used 5712K, capacity 5849K, committed 5888K, reserved 1048576K
Event: 16.519 GC heap after
Heap after GC invocations=8 (full 2):
 PSYoungGen      total 157696K, used 14075K [0x00000000eab00000, 0x00000000f6000000, 0x0000000100000000)
  eden space 143360K, 0% used [0x00000000eab00000,0x00000000eab00000,0x00000000f3700000)
  from space 14336K, 98% used [0x00000000f5200000,0x00000000f5fbeef0,0x00000000f6000000)
  to   space 15872K, 0% used [0x00000000f4100000,0x00000000f4100000,0x00000000f5080000)
 ParOldGen       total 167424K, used 18311K [0x00000000c0000000, 0x00000000ca380000, 0x00000000eab00000)
  object space 167424K, 10% used [0x00000000c0000000,0x00000000c11e1f38,0x00000000ca380000)
 Metaspace       used 42112K, capacity 42602K, committed 42752K, reserved 1085440K
  class space    used 5712K, capacity 5849K, committed 5888K, reserved 1048576K
}

